\BOOKMARK [1][-]{section.1}{\376\377\000I\000n\000t\000r\000o\000d\000u\000c\000t\000i\000o\000n}{}% 1
\BOOKMARK [0][-]{part.1}{\376\377\000I\000\040\000T\000h\000e\000\040\000e\000x\000p\000e\000r\000i\000e\000n\000c\000e}{}% 2
\BOOKMARK [1][-]{section.2}{\376\377\000M\000e\000t\000h\000o\000d\000\040\000o\000f\000\040\000e\000x\000p\000e\000r\000i\000m\000e\000n\000t}{part.1}% 3
\BOOKMARK [1][-]{section.3}{\376\377\000R\000e\000s\000u\000l\000t\000s}{part.1}% 4
\BOOKMARK [2][-]{subsection.3.1}{\376\377\000M\000a\000t\000r\000i\000x\000\040\000M\000u\000l\000t\000i\000p\000l\000y\000\040\000R\000e\000s\000u\000l\000t\000s}{section.3}% 5
\BOOKMARK [2][-]{subsection.3.2}{\376\377\000D\000i\000j\000k\000s\000t\000r\000a\000\040\000R\000e\000s\000u\000l\000t\000s}{section.3}% 6
\BOOKMARK [0][-]{part.2}{\376\377\000I\000I\000\040\000C\000o\000m\000p\000i\000l\000e\000r\000s}{}% 7
\BOOKMARK [1][-]{section.4}{\376\377\000g\000c\000c\000\040}{part.2}% 8
\BOOKMARK [2][-]{subsection.4.1}{\376\377\000O\000p\000t\000i\000m\000i\000z\000a\000t\000i\000o\000n\000\040\000o\000p\000t\000i\000o\000n\000s}{section.4}% 9
\BOOKMARK [3][-]{subsubsection.4.1.1}{\376\377\000M\000e\000t\000h\000o\000d\000\040\000o\000f\000\040\000o\000b\000t\000e\000n\000t\000i\000o\000n}{subsection.4.1}% 10
\BOOKMARK [3][-]{subsubsection.4.1.2}{\376\377\000O\000p\000t\000i\000o\000n\000s\000\040\000i\000n\000t\000r\000o\000d\000u\000c\000e\000d\000\040\000b\000y\000\040\000-\000O\0000\000\040}{subsection.4.1}% 11
\BOOKMARK [3][-]{subsubsection.4.1.3}{\376\377\000O\000p\000t\000i\000o\000n\000s\000\040\000i\000n\000t\000r\000o\000d\000u\000c\000e\000d\000\040\000b\000y\000\040\000-\000O\0001\000\040}{subsection.4.1}% 12
\BOOKMARK [3][-]{subsubsection.4.1.4}{\376\377\000O\000p\000t\000i\000o\000n\000s\000\040\000i\000n\000t\000r\000o\000d\000u\000c\000e\000d\000\040\000b\000y\000\040\000-\000O\0002\000\040}{subsection.4.1}% 13
\BOOKMARK [3][-]{subsubsection.4.1.5}{\376\377\000O\000p\000t\000i\000o\000n\000s\000\040\000i\000n\000t\000r\000o\000d\000u\000c\000e\000d\000\040\000b\000y\000\040\000-\000O\0003\000\040}{subsection.4.1}% 14
\BOOKMARK [3][-]{subsubsection.4.1.6}{\376\377\000O\000p\000t\000i\000o\000n\000s\000\040\000e\000n\000a\000b\000l\000e\000d\000\040\000b\000y\000\040\000-\000O\000s\000\040}{subsection.4.1}% 15
\BOOKMARK [1][-]{section.5}{\376\377\000i\000c\000x\000\040}{part.2}% 16
\BOOKMARK [2][-]{subsection.5.1}{\376\377\000O\000p\000t\000i\000m\000i\000z\000a\000t\000i\000o\000n\000\040\000o\000p\000t\000i\000o\000n\000s}{section.5}% 17
\BOOKMARK [3][-]{subsubsection.5.1.1}{\376\377\000M\000e\000t\000h\000o\000d\000\040\000o\000f\000\040\000o\000b\000t\000e\000n\000t\000i\000o\000n}{subsection.5.1}% 18
\BOOKMARK [3][-]{subsubsection.5.1.2}{\376\377\000O\000p\000t\000i\000o\000n\000s\000\040\000i\000n\000t\000r\000o\000d\000u\000c\000e\000d\000\040\000b\000y\000\040\000-\000O\0000\000\040}{subsection.5.1}% 19
\BOOKMARK [3][-]{subsubsection.5.1.3}{\376\377\000O\000p\000t\000i\000o\000n\000s\000\040\000i\000n\000t\000r\000o\000d\000u\000c\000e\000d\000\040\000b\000y\000\040\000-\000O\0001\000\040}{subsection.5.1}% 20
\BOOKMARK [3][-]{subsubsection.5.1.4}{\376\377\000O\000p\000t\000i\000o\000n\000s\000\040\000i\000n\000t\000r\000o\000d\000u\000c\000e\000d\000\040\000b\000y\000\040\000-\000O\0002\000\040}{subsection.5.1}% 21
\BOOKMARK [3][-]{subsubsection.5.1.5}{\376\377\000O\000p\000t\000i\000o\000n\000s\000\040\000i\000n\000t\000r\000o\000d\000u\000c\000e\000d\000\040\000b\000y\000\040\000-\000O\0003\000\040}{subsection.5.1}% 22
\BOOKMARK [1][-]{section.6}{\376\377\000c\000c\000o\000m\000p\000\040}{part.2}% 23
\BOOKMARK [2][-]{subsection.6.1}{\376\377\000O\000p\000t\000i\000m\000i\000z\000a\000t\000i\000o\000n\000\040\000o\000p\000t\000i\000o\000n\000s}{section.6}% 24
\BOOKMARK [3][-]{subsubsection.6.1.1}{\376\377\000M\000e\000t\000h\000o\000d\000\040\000o\000f\000\040\000o\000b\000t\000e\000n\000t\000i\000o\000n}{subsection.6.1}% 25
\BOOKMARK [3][-]{subsubsection.6.1.2}{\376\377\000O\000p\000t\000i\000o\000n\000s\000\040\000i\000n\000t\000r\000o\000d\000u\000c\000e\000d\000\040\000b\000y\000\040\000-\000O\0000\000\040}{subsection.6.1}% 26
\BOOKMARK [3][-]{subsubsection.6.1.3}{\376\377\000O\000p\000t\000i\000o\000n\000s\000\040\000i\000n\000t\000r\000o\000d\000u\000c\000e\000d\000\040\000b\000y\000\040\000-\000O\0001\000\040\000,\000-\000O\0002\000\040\000,\000-\000O\0003\000\040}{subsection.6.1}% 27
\BOOKMARK [3][-]{subsubsection.6.1.4}{\376\377\000O\000p\000t\000i\000o\000n\000s\000\040\000i\000n\000t\000r\000o\000d\000u\000c\000e\000d\000\040\000b\000y\000\040\000-\000O\000s\000\040}{subsection.6.1}% 28
\BOOKMARK [1][-]{section.7}{\376\377\000c\000l\000a\000n\000g\000\040}{part.2}% 29
\BOOKMARK [2][-]{subsection.7.1}{\376\377\000O\000p\000t\000i\000m\000i\000z\000a\000t\000i\000o\000n\000\040\000o\000p\000t\000i\000o\000n\000s}{section.7}% 30
\BOOKMARK [3][-]{subsubsection.7.1.1}{\376\377\000M\000e\000t\000h\000o\000d\000\040\000o\000f\000\040\000o\000b\000t\000e\000n\000t\000i\000o\000n}{subsection.7.1}% 31
\BOOKMARK [3][-]{subsubsection.7.1.2}{\376\377\000O\000p\000t\000i\000o\000n\000s\000\040\000e\000n\000a\000b\000l\000e\000d\000\040\000a\000t\000\040\000-\000O\0000\000\040}{subsection.7.1}% 32
\BOOKMARK [3][-]{subsubsection.7.1.3}{\376\377\000O\000p\000t\000i\000o\000n\000s\000\040\000e\000n\000a\000b\000l\000e\000d\000\040\000a\000t\000\040\000-\000O\0001\000\040\000,\000\040\000-\000O\0002\000\040\000,\000\040\000-\000O\0003\000\040\000,\000\040\000-\000O\000s\000\040}{subsection.7.1}% 33
