Annotation2MetadataPass
ForceFunctionAttrsPass
InferFunctionAttrsPass
CoroEarlyPass
OpenMPOptPass
IPSCCPPass
CalledValuePropagationPass
GlobalOptPass
AlwaysInlinerPass
ModuleInlinerWrapperPass
RequireAnalysisPass<llvm::GlobalsAA,
RequireAnalysisPass<llvm::ProfileSummaryAnalysis,
DeadArgumentEliminationPass
CoroCleanupPass
GlobalOptPass
GlobalDCEPass
EliminateAvailableExternallyPass
ReversePostOrderFunctionAttrsPass
RecomputeGlobalsAAPass
GlobalDCEPass
ConstantMergePass
CGProfilePass
RelLookupTableConverterPass
VerifierPass
